[2.215s] DEBUG:colcon:Command line arguments: ['/usr/bin/colcon', 'build']
[2.215s] DEBUG:colcon:Parsed command line arguments: Namespace(log_base=None, log_level=None, verb_name='build', build_base='build', install_base='install', merge_install=False, symlink_install=False, test_result_base=None, continue_on_error=False, executor='parallel', parallel_workers=4, event_handlers=None, ignore_user_meta=False, metas=['./colcon.meta'], base_paths=['.'], packages_ignore=None, packages_ignore_regex=None, paths=None, packages_up_to=None, packages_up_to_regex=None, packages_above=None, packages_above_and_dependencies=None, packages_above_depth=None, packages_select_by_dep=None, packages_skip_by_dep=None, packages_skip_up_to=None, packages_select_build_failed=False, packages_skip_build_finished=False, packages_select_test_failures=False, packages_skip_test_passed=False, packages_select=None, packages_skip=None, packages_select_regex=None, packages_skip_regex=None, packages_start=None, packages_end=None, allow_overriding=[], cmake_args=None, cmake_target=None, cmake_target_skip_unavailable=False, cmake_clean_cache=False, cmake_clean_first=False, cmake_force_configure=False, ament_cmake_args=None, catkin_cmake_args=None, catkin_skip_building_tests=False, verb_parser=<colcon_defaults.argument_parser.defaults.DefaultArgumentsDecorator object at 0x7f1a7584c130>, verb_extension=<colcon_core.verb.build.BuildVerb object at 0x7f1a75cb1ae0>, main=<bound method BuildVerb.main of <colcon_core.verb.build.BuildVerb object at 0x7f1a75cb1ae0>>)
[2.312s] Level 1:colcon.colcon_core.package_discovery:discover_packages(colcon_meta) check parameters
[2.312s] Level 1:colcon.colcon_core.package_discovery:discover_packages(recursive) check parameters
[2.312s] Level 1:colcon.colcon_core.package_discovery:discover_packages(ignore) check parameters
[2.313s] Level 1:colcon.colcon_core.package_discovery:discover_packages(path) check parameters
[2.313s] Level 1:colcon.colcon_core.package_discovery:discover_packages(colcon_meta) discover
[2.313s] Level 1:colcon.colcon_core.package_discovery:discover_packages(recursive) discover
[2.313s] INFO:colcon.colcon_core.package_discovery:Crawling recursively for packages in '/home/parallels/robot_ws/src/robocop'
[2.313s] Level 1:colcon.colcon_core.package_identification:_identify(.) by extensions ['ignore', 'ignore_ament_install']
[2.313s] Level 1:colcon.colcon_core.package_identification:_identify(.) by extension 'ignore'
[2.313s] Level 1:colcon.colcon_core.package_identification:_identify(.) by extension 'ignore_ament_install'
[2.313s] Level 1:colcon.colcon_core.package_identification:_identify(.) by extensions ['colcon_pkg']
[2.313s] Level 1:colcon.colcon_core.package_identification:_identify(.) by extension 'colcon_pkg'
[2.313s] Level 1:colcon.colcon_core.package_identification:_identify(.) by extensions ['colcon_meta']
[2.314s] Level 1:colcon.colcon_core.package_identification:_identify(.) by extension 'colcon_meta'
[2.314s] Level 1:colcon.colcon_core.package_identification:_identify(.) by extensions ['ros']
[2.314s] Level 1:colcon.colcon_core.package_identification:_identify(.) by extension 'ros'
[2.337s] DEBUG:colcon.colcon_core.package_identification:Package '.' with type 'ros.ament_cmake' and name 'robocop'
[2.337s] Level 1:colcon.colcon_core.package_discovery:discover_packages(recursive) using defaults
[2.337s] Level 1:colcon.colcon_core.package_discovery:discover_packages(ignore) discover
[2.337s] Level 1:colcon.colcon_core.package_discovery:discover_packages(ignore) using defaults
[2.337s] Level 1:colcon.colcon_core.package_discovery:discover_packages(path) discover
[2.337s] Level 1:colcon.colcon_core.package_discovery:discover_packages(path) using defaults
[2.530s] Level 1:colcon.colcon_core.package_discovery:discover_packages(prefix_path) check parameters
[2.530s] Level 1:colcon.colcon_core.package_discovery:discover_packages(prefix_path) discover
[2.622s] DEBUG:colcon.colcon_installed_package_information.package_discovery:Found 3 installed packages in /home/parallels/turtlebot3_ws/install
[2.654s] DEBUG:colcon.colcon_installed_package_information.package_discovery:Found 10 installed packages in /home/parallels/ws_ros2/install
[2.698s] DEBUG:colcon.colcon_installed_package_information.package_discovery:Found 2 installed packages in /home/parallels/ros2_ctrl_ws/install
[2.732s] DEBUG:colcon.colcon_installed_package_information.package_discovery:Found 9 installed packages in /home/parallels/ros2_ws/install
[2.764s] DEBUG:colcon.colcon_installed_package_information.package_discovery:Found 8 installed packages in /home/parallels/ros2_ws2/install
[2.797s] DEBUG:colcon.colcon_installed_package_information.package_discovery:Found 418 installed packages in /opt/ros/humble
[2.802s] Level 1:colcon.colcon_core.package_discovery:discover_packages(prefix_path) using defaults
[3.156s] Level 5:colcon.colcon_core.verb:set package 'robocop' build argument 'cmake_args' from command line to 'None'
[3.156s] Level 5:colcon.colcon_core.verb:set package 'robocop' build argument 'cmake_target' from command line to 'None'
[3.156s] Level 5:colcon.colcon_core.verb:set package 'robocop' build argument 'cmake_target_skip_unavailable' from command line to 'False'
[3.157s] Level 5:colcon.colcon_core.verb:set package 'robocop' build argument 'cmake_clean_cache' from command line to 'False'
[3.157s] Level 5:colcon.colcon_core.verb:set package 'robocop' build argument 'cmake_clean_first' from command line to 'False'
[3.157s] Level 5:colcon.colcon_core.verb:set package 'robocop' build argument 'cmake_force_configure' from command line to 'False'
[3.157s] Level 5:colcon.colcon_core.verb:set package 'robocop' build argument 'ament_cmake_args' from command line to 'None'
[3.157s] Level 5:colcon.colcon_core.verb:set package 'robocop' build argument 'catkin_cmake_args' from command line to 'None'
[3.157s] Level 5:colcon.colcon_core.verb:set package 'robocop' build argument 'catkin_skip_building_tests' from command line to 'False'
[3.157s] DEBUG:colcon.colcon_core.verb:Building package 'robocop' with the following arguments: {'ament_cmake_args': None, 'build_base': '/home/parallels/robot_ws/src/robocop/build/robocop', 'catkin_cmake_args': None, 'catkin_skip_building_tests': False, 'cmake_args': None, 'cmake_clean_cache': False, 'cmake_clean_first': False, 'cmake_force_configure': False, 'cmake_target': None, 'cmake_target_skip_unavailable': False, 'install_base': '/home/parallels/robot_ws/src/robocop/install/robocop', 'merge_install': False, 'path': '/home/parallels/robot_ws/src/robocop', 'symlink_install': False, 'test_result_base': None}
[3.188s] INFO:colcon.colcon_core.executor:Executing jobs using 'parallel' executor
[3.220s] DEBUG:colcon.colcon_parallel_executor.executor.parallel:run_until_complete
[3.220s] INFO:colcon.colcon_ros.task.ament_cmake.build:Building ROS package in '/home/parallels/robot_ws/src/robocop' with build type 'ament_cmake'
[3.220s] INFO:colcon.colcon_cmake.task.cmake.build:Building CMake package in '/home/parallels/robot_ws/src/robocop'
[3.263s] INFO:colcon.colcon_core.plugin_system:Skipping extension 'colcon_core.shell.bat': Not used on non-Windows systems
[3.264s] INFO:colcon.colcon_core.shell:Skip shell extension 'powershell' for command environment: Not usable outside of PowerShell
[3.264s] DEBUG:colcon.colcon_core.shell:Skip shell extension 'dsv' for command environment
[3.514s] DEBUG:colcon.colcon_core.event_handler.log_command:Invoking command in '/home/parallels/robot_ws/src/robocop/build/robocop': CMAKE_PREFIX_PATH=${CMAKE_PREFIX_PATH}:/home/parallels/ws_ros2/install/py_actions:/home/parallels/ws_ros2/install/py_action_challenge:/home/parallels/ws_ros2/install/fibonacci_action:/home/parallels/ws_ros2/install/lifecycle_py:/home/parallels/ros2_ws2/install/tutorial_python:/home/parallels/ros2_ws2/install/turtle_mover:/home/parallels/ros2_ws2/install/py_srvcli:/opt/ros/humble /usr/bin/cmake /home/parallels/robot_ws/src/robocop -DCMAKE_INSTALL_PREFIX=/home/parallels/robot_ws/src/robocop/install/robocop
[5.272s] DEBUG:colcon.colcon_core.event_handler.log_command:Invoked command in '/home/parallels/robot_ws/src/robocop/build/robocop' returned '0': CMAKE_PREFIX_PATH=${CMAKE_PREFIX_PATH}:/home/parallels/ws_ros2/install/py_actions:/home/parallels/ws_ros2/install/py_action_challenge:/home/parallels/ws_ros2/install/fibonacci_action:/home/parallels/ws_ros2/install/lifecycle_py:/home/parallels/ros2_ws2/install/tutorial_python:/home/parallels/ros2_ws2/install/turtle_mover:/home/parallels/ros2_ws2/install/py_srvcli:/opt/ros/humble /usr/bin/cmake /home/parallels/robot_ws/src/robocop -DCMAKE_INSTALL_PREFIX=/home/parallels/robot_ws/src/robocop/install/robocop
[5.275s] DEBUG:colcon.colcon_core.event_handler.log_command:Invoking command in '/home/parallels/robot_ws/src/robocop/build/robocop': CMAKE_PREFIX_PATH=${CMAKE_PREFIX_PATH}:/home/parallels/ws_ros2/install/py_actions:/home/parallels/ws_ros2/install/py_action_challenge:/home/parallels/ws_ros2/install/fibonacci_action:/home/parallels/ws_ros2/install/lifecycle_py:/home/parallels/ros2_ws2/install/tutorial_python:/home/parallels/ros2_ws2/install/turtle_mover:/home/parallels/ros2_ws2/install/py_srvcli:/opt/ros/humble /usr/bin/cmake --build /home/parallels/robot_ws/src/robocop/build/robocop -- -j4 -l4
[5.345s] DEBUG:colcon.colcon_core.event_handler.log_command:Invoked command in '/home/parallels/robot_ws/src/robocop/build/robocop' returned '0': CMAKE_PREFIX_PATH=${CMAKE_PREFIX_PATH}:/home/parallels/ws_ros2/install/py_actions:/home/parallels/ws_ros2/install/py_action_challenge:/home/parallels/ws_ros2/install/fibonacci_action:/home/parallels/ws_ros2/install/lifecycle_py:/home/parallels/ros2_ws2/install/tutorial_python:/home/parallels/ros2_ws2/install/turtle_mover:/home/parallels/ros2_ws2/install/py_srvcli:/opt/ros/humble /usr/bin/cmake --build /home/parallels/robot_ws/src/robocop/build/robocop -- -j4 -l4
[5.414s] DEBUG:colcon.colcon_core.event_handler.log_command:Invoking command in '/home/parallels/robot_ws/src/robocop/build/robocop': CMAKE_PREFIX_PATH=${CMAKE_PREFIX_PATH}:/home/parallels/ws_ros2/install/py_actions:/home/parallels/ws_ros2/install/py_action_challenge:/home/parallels/ws_ros2/install/fibonacci_action:/home/parallels/ws_ros2/install/lifecycle_py:/home/parallels/ros2_ws2/install/tutorial_python:/home/parallels/ros2_ws2/install/turtle_mover:/home/parallels/ros2_ws2/install/py_srvcli:/opt/ros/humble /usr/bin/cmake --install /home/parallels/robot_ws/src/robocop/build/robocop
[5.435s] Level 1:colcon.colcon_core.environment:create_environment_scripts_only(robocop)
[5.436s] DEBUG:colcon.colcon_core.event_handler.log_command:Invoked command in '/home/parallels/robot_ws/src/robocop/build/robocop' returned '0': CMAKE_PREFIX_PATH=${CMAKE_PREFIX_PATH}:/home/parallels/ws_ros2/install/py_actions:/home/parallels/ws_ros2/install/py_action_challenge:/home/parallels/ws_ros2/install/fibonacci_action:/home/parallels/ws_ros2/install/lifecycle_py:/home/parallels/ros2_ws2/install/tutorial_python:/home/parallels/ros2_ws2/install/turtle_mover:/home/parallels/ros2_ws2/install/py_srvcli:/opt/ros/humble /usr/bin/cmake --install /home/parallels/robot_ws/src/robocop/build/robocop
[5.478s] Level 1:colcon.colcon_core.environment:checking '/home/parallels/robot_ws/src/robocop/install/robocop' for CMake module files
[5.478s] Level 1:colcon.colcon_core.environment:checking '/home/parallels/robot_ws/src/robocop/install/robocop' for CMake config files
[5.479s] Level 1:colcon.colcon_core.shell:create_environment_hook('robocop', 'cmake_prefix_path')
[5.510s] INFO:colcon.colcon_core.shell:Creating environment hook '/home/parallels/robot_ws/src/robocop/install/robocop/share/robocop/hook/cmake_prefix_path.ps1'
[5.511s] INFO:colcon.colcon_core.shell:Creating environment descriptor '/home/parallels/robot_ws/src/robocop/install/robocop/share/robocop/hook/cmake_prefix_path.dsv'
[5.512s] INFO:colcon.colcon_core.shell:Creating environment hook '/home/parallels/robot_ws/src/robocop/install/robocop/share/robocop/hook/cmake_prefix_path.sh'
[5.513s] Level 1:colcon.colcon_core.environment:checking '/home/parallels/robot_ws/src/robocop/install/robocop/bin'
[5.513s] Level 1:colcon.colcon_core.environment:checking '/home/parallels/robot_ws/src/robocop/install/robocop/lib/pkgconfig/robocop.pc'
[5.514s] Level 1:colcon.colcon_core.environment:checking '/home/parallels/robot_ws/src/robocop/install/robocop/lib/python3.10/site-packages'
[5.514s] Level 1:colcon.colcon_core.environment:checking '/home/parallels/robot_ws/src/robocop/install/robocop/bin'
[5.547s] INFO:colcon.colcon_core.shell:Creating package script '/home/parallels/robot_ws/src/robocop/install/robocop/share/robocop/package.ps1'
[5.549s] INFO:colcon.colcon_core.shell:Creating package descriptor '/home/parallels/robot_ws/src/robocop/install/robocop/share/robocop/package.dsv'
[5.550s] INFO:colcon.colcon_core.shell:Creating package script '/home/parallels/robot_ws/src/robocop/install/robocop/share/robocop/package.sh'
[5.552s] INFO:colcon.colcon_core.shell:Creating package script '/home/parallels/robot_ws/src/robocop/install/robocop/share/robocop/package.bash'
[5.553s] INFO:colcon.colcon_core.shell:Creating package script '/home/parallels/robot_ws/src/robocop/install/robocop/share/robocop/package.zsh'
[5.554s] Level 1:colcon.colcon_core.environment:create_file_with_runtime_dependencies(/home/parallels/robot_ws/src/robocop/install/robocop/share/colcon-core/packages/robocop)
[5.641s] Level 1:colcon.colcon_core.environment:create_environment_scripts_only(robocop)
[5.673s] Level 1:colcon.colcon_core.environment:checking '/home/parallels/robot_ws/src/robocop/install/robocop' for CMake module files
[5.674s] Level 1:colcon.colcon_core.environment:checking '/home/parallels/robot_ws/src/robocop/install/robocop' for CMake config files
[5.675s] Level 1:colcon.colcon_core.shell:create_environment_hook('robocop', 'cmake_prefix_path')
[5.706s] INFO:colcon.colcon_core.shell:Creating environment hook '/home/parallels/robot_ws/src/robocop/install/robocop/share/robocop/hook/cmake_prefix_path.ps1'
[5.707s] INFO:colcon.colcon_core.shell:Creating environment descriptor '/home/parallels/robot_ws/src/robocop/install/robocop/share/robocop/hook/cmake_prefix_path.dsv'
[5.708s] INFO:colcon.colcon_core.shell:Creating environment hook '/home/parallels/robot_ws/src/robocop/install/robocop/share/robocop/hook/cmake_prefix_path.sh'
[5.708s] Level 1:colcon.colcon_core.environment:checking '/home/parallels/robot_ws/src/robocop/install/robocop/bin'
[5.708s] Level 1:colcon.colcon_core.environment:checking '/home/parallels/robot_ws/src/robocop/install/robocop/lib/pkgconfig/robocop.pc'
[5.709s] Level 1:colcon.colcon_core.environment:checking '/home/parallels/robot_ws/src/robocop/install/robocop/lib/python3.10/site-packages'
[5.709s] Level 1:colcon.colcon_core.environment:checking '/home/parallels/robot_ws/src/robocop/install/robocop/bin'
[5.741s] INFO:colcon.colcon_core.shell:Creating package script '/home/parallels/robot_ws/src/robocop/install/robocop/share/robocop/package.ps1'
[5.742s] INFO:colcon.colcon_core.shell:Creating package descriptor '/home/parallels/robot_ws/src/robocop/install/robocop/share/robocop/package.dsv'
[5.743s] INFO:colcon.colcon_core.shell:Creating package script '/home/parallels/robot_ws/src/robocop/install/robocop/share/robocop/package.sh'
[5.743s] INFO:colcon.colcon_core.shell:Creating package script '/home/parallels/robot_ws/src/robocop/install/robocop/share/robocop/package.bash'
[5.744s] INFO:colcon.colcon_core.shell:Creating package script '/home/parallels/robot_ws/src/robocop/install/robocop/share/robocop/package.zsh'
[5.745s] Level 1:colcon.colcon_core.environment:create_file_with_runtime_dependencies(/home/parallels/robot_ws/src/robocop/install/robocop/share/colcon-core/packages/robocop)
[5.745s] DEBUG:colcon.colcon_parallel_executor.executor.parallel:closing loop
[5.746s] DEBUG:colcon.colcon_parallel_executor.executor.parallel:loop closed
[5.746s] DEBUG:colcon.colcon_parallel_executor.executor.parallel:run_until_complete finished with '0'
[5.746s] DEBUG:colcon.colcon_core.event_reactor:joining thread
[5.791s] INFO:colcon.colcon_core.plugin_system:Skipping extension 'colcon_notification.desktop_notification.terminal_notifier': Not used on non-Darwin systems
[5.792s] INFO:colcon.colcon_core.plugin_system:Skipping extension 'colcon_notification.desktop_notification.win32': Not used on non-Windows systems
[5.792s] INFO:colcon.colcon_notification.desktop_notification:Sending desktop notification using 'notify2'
[5.811s] DEBUG:colcon.colcon_core.event_reactor:joined thread
[5.850s] INFO:colcon.colcon_core.shell:Creating prefix script '/home/parallels/robot_ws/src/robocop/install/local_setup.ps1'
[5.854s] INFO:colcon.colcon_core.shell:Creating prefix util module '/home/parallels/robot_ws/src/robocop/install/_local_setup_util_ps1.py'
[5.856s] INFO:colcon.colcon_core.shell:Creating prefix chain script '/home/parallels/robot_ws/src/robocop/install/setup.ps1'
[5.894s] INFO:colcon.colcon_core.shell:Creating prefix script '/home/parallels/robot_ws/src/robocop/install/local_setup.sh'
[5.896s] INFO:colcon.colcon_core.shell:Creating prefix util module '/home/parallels/robot_ws/src/robocop/install/_local_setup_util_sh.py'
[5.896s] INFO:colcon.colcon_core.shell:Creating prefix chain script '/home/parallels/robot_ws/src/robocop/install/setup.sh'
[5.933s] INFO:colcon.colcon_core.shell:Creating prefix script '/home/parallels/robot_ws/src/robocop/install/local_setup.bash'
[5.934s] INFO:colcon.colcon_core.shell:Creating prefix chain script '/home/parallels/robot_ws/src/robocop/install/setup.bash'
[5.971s] INFO:colcon.colcon_core.shell:Creating prefix script '/home/parallels/robot_ws/src/robocop/install/local_setup.zsh'
[5.973s] INFO:colcon.colcon_core.shell:Creating prefix chain script '/home/parallels/robot_ws/src/robocop/install/setup.zsh'
